have_library: checking for scws_new() in -lscws... -------------------- yes

"xcrun clang -o conftest -I/System/Library/Frameworks/Ruby.framework/Versions/2.0/usr/include/ruby-2.0.0/universal-darwin14 -I/System/Library/Frameworks/Ruby.framework/Versions/2.0/usr/include/ruby-2.0.0/ruby/backward -I/System/Library/Frameworks/Ruby.framework/Versions/2.0/usr/include/ruby-2.0.0 -I. -D_XOPEN_SOURCE -D_DARWIN_C_SOURCE -D_DARWIN_UNLIMITED_SELECT -D_REENTRANT    -g -Os -pipe -DHAVE_GCC_SYNC_BUILTINS conftest.c  -L. -L/System/Library/Frameworks/Ruby.framework/Versions/2.0/usr/lib -L. -L/usr/local/lib  -Wno-error=unused-command-line-argument-hard-error-in-future   -lruby.2.0.0  -lpthread -ldl -lobjc "
warning: unknown warning option '-Werror=unused-command-line-argument-hard-error-in-future'; did you mean '-Werror=unused-command-line-argument'? [-Wunknown-warning-option]
1 warning generated.
checked program was:
/* begin */
1: #include "ruby.h"
2: 
3: int main(int argc, char **argv)
4: {
5:   return 0;
6: }
/* end */

"xcrun clang -o conftest -I/System/Library/Frameworks/Ruby.framework/Versions/2.0/usr/include/ruby-2.0.0/universal-darwin14 -I/System/Library/Frameworks/Ruby.framework/Versions/2.0/usr/include/ruby-2.0.0/ruby/backward -I/System/Library/Frameworks/Ruby.framework/Versions/2.0/usr/include/ruby-2.0.0 -I. -D_XOPEN_SOURCE -D_DARWIN_C_SOURCE -D_DARWIN_UNLIMITED_SELECT -D_REENTRANT    -g -Os -pipe -DHAVE_GCC_SYNC_BUILTINS conftest.c  -L. -L/System/Library/Frameworks/Ruby.framework/Versions/2.0/usr/lib -L. -L/usr/local/lib  -Wno-error=unused-command-line-argument-hard-error-in-future   -lruby.2.0.0 -lscws  -lpthread -ldl -lobjc "
warning: unknown warning option '-Werror=unused-command-line-argument-hard-error-in-future'; did you mean '-Werror=unused-command-line-argument'? [-Wunknown-warning-option]
conftest.c:5:57: error: use of undeclared identifier 'scws_new'
int t(void) { void ((*volatile p)()); p = (void ((*)()))scws_new; return 0; }
                                                        ^
1 warning and 1 error generated.
checked program was:
/* begin */
 1: #include "ruby.h"
 2: 
 3: /*top*/
 4: extern int t(void);
 5: int t(void) { void ((*volatile p)()); p = (void ((*)()))scws_new; return 0; }
 6: int main(int argc, char **argv)
 7: {
 8:   if (argc > 1000000) {
 9:     printf("%p", &t);
10:   }
11: 
12:   return 0;
13: }
/* end */

"xcrun clang -o conftest -I/System/Library/Frameworks/Ruby.framework/Versions/2.0/usr/include/ruby-2.0.0/universal-darwin14 -I/System/Library/Frameworks/Ruby.framework/Versions/2.0/usr/include/ruby-2.0.0/ruby/backward -I/System/Library/Frameworks/Ruby.framework/Versions/2.0/usr/include/ruby-2.0.0 -I. -D_XOPEN_SOURCE -D_DARWIN_C_SOURCE -D_DARWIN_UNLIMITED_SELECT -D_REENTRANT    -g -Os -pipe -DHAVE_GCC_SYNC_BUILTINS conftest.c  -L. -L/System/Library/Frameworks/Ruby.framework/Versions/2.0/usr/lib -L. -L/usr/local/lib  -Wno-error=unused-command-line-argument-hard-error-in-future   -lruby.2.0.0 -lscws  -lpthread -ldl -lobjc "
warning: unknown warning option '-Werror=unused-command-line-argument-hard-error-in-future'; did you mean '-Werror=unused-command-line-argument'? [-Wunknown-warning-option]
conftest.c:5:15: warning: implicit declaration of function 'scws_new' is invalid in C99 [-Wimplicit-function-declaration]
int t(void) { scws_new(); return 0; }
              ^
2 warnings generated.
checked program was:
/* begin */
 1: #include "ruby.h"
 2: 
 3: /*top*/
 4: extern int t(void);
 5: int t(void) { scws_new(); return 0; }
 6: int main(int argc, char **argv)
 7: {
 8:   if (argc > 1000000) {
 9:     printf("%p", &t);
10:   }
11: 
12:   return 0;
13: }
/* end */

--------------------

